<?xml version="1.0" encoding="UTF-8"?>
<testng-results ignored="1" total="1" passed="0" failed="0" skipped="0">
  <reporter-output>
  </reporter-output>
  <suite started-at="2022-08-25T12:30:49 IST" name="Command line suite" finished-at="2022-08-25T12:30:49 IST" duration-ms="15">
    <groups>
    </groups>
    <test started-at="2022-08-25T12:30:49 IST" name="Command line test" finished-at="2022-08-25T12:30:49 IST" duration-ms="15">
      <class name="com.spotify.tests.BaseTest">
        <test-method is-config="true" signature="initTestData()[pri:0, instance:com.spotify.tests.BaseTest@44a664f2]" started-at="2022-08-25T12:30:49 IST" name="initTestData" finished-at="2022-08-25T12:30:49 IST" duration-ms="14" status="PASS">
          <reporter-output>
          </reporter-output>
        </test-method> <!-- initTestData -->
      </class> <!-- com.spotify.tests.BaseTest -->
    </test> <!-- Command line test -->
  </suite> <!-- Command line suite -->
</testng-results>
